<?xml version="1.0" encoding="UTF-8"?>
<!-- Generated by org.testng.reporters.JUnitReportReporter -->
<testsuite hostname="Haruns-MBP.attlocal.net" failures="0" tests="1" name="com.neotech.lesson06.Homework01" time="0.704" errors="0" timestamp="2023-03-18T12:12:20 EDT" skipped="0">
  <testcase classname="com.neotech.lesson06.Homework01" name="getResults" time="0.704"/>
  <system-out/>
</testsuite> <!-- com.neotech.lesson06.Homework01 -->
