<?xml version="1.0" encoding="UTF-8"?>
<!-- Generated by org.testng.reporters.JUnitReportReporter -->
<testsuite hostname="Haruns-MBP.attlocal.net" failures="0" tests="1" name="com.neotech.lesson05.MetaDataDemo" time="0.731" errors="0" timestamp="2023-03-18T09:14:57 EDT" skipped="0">
  <testcase classname="com.neotech.lesson05.MetaDataDemo" name="rsMetaData" time="0.731"/>
  <system-out/>
</testsuite> <!-- com.neotech.lesson05.MetaDataDemo -->
