<?xml version="1.0" encoding="UTF-8"?>
<!-- Generated by org.testng.reporters.JUnitReportReporter -->
<testsuite hostname="Haruns-MBP.attlocal.net" failures="0" tests="2" name="com.neotech.lesson06.StoringData" time="1.191" errors="0" timestamp="2023-03-18T13:54:55 EDT" skipped="0">
  <testcase classname="com.neotech.lesson06.StoringData" name="getAndStoreData" time="0.733"/>
  <system-out/>
  <testcase classname="com.neotech.lesson06.StoringData" name="getAndStoreDataEnhanced" time="0.458"/>
  <system-out/>
</testsuite> <!-- com.neotech.lesson06.StoringData -->
