<?xml version="1.0" encoding="UTF-8"?>
<!-- Generated by org.testng.reporters.JUnitReportReporter -->
<testsuite hostname="Haruns-MBP.attlocal.net" failures="0" tests="1" name="com.neotech.lesson05.Homework" time="0.770" errors="0" timestamp="2023-03-17T21:47:13 EDT" skipped="0">
  <testcase classname="com.neotech.lesson05.Homework" name="test" time="0.770"/>
  <system-out/>
</testsuite> <!-- com.neotech.lesson05.Homework -->
